{"/home/dell/AcadIn/Backend/app.js": {"path":"/home/dell/AcadIn/Backend/app.js","statementMap":{"0":{"start":{"line":1,"column":16},"end":{"line":1,"column":34}},"1":{"start":{"line":2,"column":17},"end":{"line":2,"column":36}},"2":{"start":{"line":3,"column":13},"end":{"line":3,"column":28}},"3":{"start":{"line":4,"column":15},"end":{"line":4,"column":32}},"4":{"start":{"line":5,"column":15},"end":{"line":5,"column":32}},"5":{"start":{"line":6,"column":15},"end":{"line":6,"column":32}},"6":{"start":{"line":7,"column":0},"end":{"line":7,"column":27}},"7":{"start":{"line":8,"column":13},"end":{"line":8,"column":28}},"8":{"start":{"line":10,"column":12},"end":{"line":10,"column":21}},"9":{"start":{"line":11,"column":0},"end":{"line":11,"column":16}},"10":{"start":{"line":13,"column":19},"end":{"line":13,"column":43}},"11":{"start":{"line":14,"column":19},"end":{"line":14,"column":44}},"12":{"start":{"line":15,"column":19},"end":{"line":15,"column":44}},"13":{"start":{"line":16,"column":26},"end":{"line":16,"column":58}},"14":{"start":{"line":17,"column":21},"end":{"line":17,"column":50}},"15":{"start":{"line":18,"column":0},"end":{"line":23,"column":1}},"16":{"start":{"line":19,"column":4},"end":{"line":22,"column":72}},"17":{"start":{"line":21,"column":16},"end":{"line":21,"column":52}},"18":{"start":{"line":22,"column":20},"end":{"line":22,"column":70}},"19":{"start":{"line":25,"column":0},"end":{"line":25,"column":74}},"20":{"start":{"line":26,"column":0},"end":{"line":26,"column":24}},"21":{"start":{"line":27,"column":0},"end":{"line":27,"column":18}},"22":{"start":{"line":28,"column":0},"end":{"line":28,"column":26}},"23":{"start":{"line":30,"column":16},"end":{"line":37,"column":8}},"24":{"start":{"line":32,"column":10},"end":{"line":32,"column":36}},"25":{"start":{"line":35,"column":10},"end":{"line":35,"column":34}},"26":{"start":{"line":39,"column":21},"end":{"line":39,"column":49}},"27":{"start":{"line":40,"column":6},"end":{"line":46,"column":3}},"28":{"start":{"line":41,"column":8},"end":{"line":45,"column":9}},"29":{"start":{"line":42,"column":10},"end":{"line":42,"column":67}},"30":{"start":{"line":44,"column":10},"end":{"line":44,"column":31}},"31":{"start":{"line":47,"column":0},"end":{"line":49,"column":3}},"32":{"start":{"line":48,"column":2},"end":{"line":48,"column":81}},"33":{"start":{"line":50,"column":0},"end":{"line":50,"column":29}},"34":{"start":{"line":51,"column":0},"end":{"line":51,"column":29}},"35":{"start":{"line":52,"column":0},"end":{"line":52,"column":30}},"36":{"start":{"line":53,"column":0},"end":{"line":53,"column":45}},"37":{"start":{"line":54,"column":0},"end":{"line":54,"column":35}},"38":{"start":{"line":60,"column":0},"end":{"line":60,"column":21}}},"fnMap":{"0":{"name":"(anonymous_0)","decl":{"start":{"line":21,"column":10},"end":{"line":21,"column":11}},"loc":{"start":{"line":21,"column":16},"end":{"line":21,"column":52}},"line":21},"1":{"name":"(anonymous_1)","decl":{"start":{"line":22,"column":11},"end":{"line":22,"column":12}},"loc":{"start":{"line":22,"column":20},"end":{"line":22,"column":70}},"line":22},"2":{"name":"(anonymous_2)","decl":{"start":{"line":31,"column":21},"end":{"line":31,"column":22}},"loc":{"start":{"line":31,"column":40},"end":{"line":33,"column":9}},"line":31},"3":{"name":"(anonymous_3)","decl":{"start":{"line":34,"column":18},"end":{"line":34,"column":19}},"loc":{"start":{"line":34,"column":37},"end":{"line":36,"column":9}},"line":34},"4":{"name":"(anonymous_4)","decl":{"start":{"line":40,"column":49},"end":{"line":40,"column":50}},"loc":{"start":{"line":40,"column":63},"end":{"line":46,"column":1}},"line":40},"5":{"name":"(anonymous_5)","decl":{"start":{"line":47,"column":22},"end":{"line":47,"column":23}},"loc":{"start":{"line":47,"column":36},"end":{"line":49,"column":1}},"line":47}},"branchMap":{"0":{"loc":{"start":{"line":18,"column":0},"end":{"line":23,"column":1}},"type":"if","locations":[{"start":{"line":18,"column":0},"end":{"line":23,"column":1}},{"start":{},"end":{}}],"line":18}},"s":{"0":1,"1":1,"2":1,"3":1,"4":1,"5":1,"6":1,"7":1,"8":1,"9":1,"10":1,"11":1,"12":1,"13":1,"14":1,"15":1,"16":0,"17":0,"18":0,"19":1,"20":1,"21":1,"22":1,"23":1,"24":0,"25":0,"26":1,"27":1,"28":0,"29":0,"30":0,"31":1,"32":0,"33":1,"34":1,"35":1,"36":1,"37":1,"38":1},"f":{"0":0,"1":0,"2":0,"3":0,"4":0,"5":0},"b":{"0":[0,1]},"_coverageSchema":"1a1c01bbd47fc00a2c39e90264f33305004495a9","hash":"f0965b3feda0d0c33b98ce37b7e5190b580657a0"}
,"/home/dell/AcadIn/Backend/db.js": {"path":"/home/dell/AcadIn/Backend/db.js","statementMap":{"0":{"start":{"line":1,"column":17},"end":{"line":1,"column":36}},"1":{"start":{"line":2,"column":28},"end":{"line":2,"column":60}},"2":{"start":{"line":9,"column":13},"end":{"line":12,"column":1}},"3":{"start":{"line":15,"column":16},"end":{"line":27,"column":1}},"4":{"start":{"line":17,"column":2},"end":{"line":17,"column":30}},"5":{"start":{"line":19,"column":2},"end":{"line":19,"column":49}},"6":{"start":{"line":21,"column":19},"end":{"line":21,"column":45}},"7":{"start":{"line":22,"column":2},"end":{"line":26,"column":5}},"8":{"start":{"line":23,"column":4},"end":{"line":25,"column":5}},"9":{"start":{"line":24,"column":6},"end":{"line":24,"column":25}},"10":{"start":{"line":30,"column":14},"end":{"line":33,"column":1}},"11":{"start":{"line":31,"column":2},"end":{"line":31,"column":30}},"12":{"start":{"line":32,"column":2},"end":{"line":32,"column":27}},"13":{"start":{"line":36,"column":14},"end":{"line":42,"column":1}},"14":{"start":{"line":37,"column":22},"end":{"line":37,"column":53}},"15":{"start":{"line":39,"column":2},"end":{"line":41,"column":3}},"16":{"start":{"line":40,"column":4},"end":{"line":40,"column":40}},"17":{"start":{"line":44,"column":0},"end":{"line":48,"column":2}}},"fnMap":{"0":{"name":"(anonymous_0)","decl":{"start":{"line":15,"column":16},"end":{"line":15,"column":17}},"loc":{"start":{"line":15,"column":28},"end":{"line":27,"column":1}},"line":15},"1":{"name":"(anonymous_1)","decl":{"start":{"line":22,"column":41},"end":{"line":22,"column":42}},"loc":{"start":{"line":22,"column":48},"end":{"line":26,"column":3}},"line":22},"2":{"name":"(anonymous_2)","decl":{"start":{"line":30,"column":14},"end":{"line":30,"column":15}},"loc":{"start":{"line":30,"column":26},"end":{"line":33,"column":1}},"line":30},"3":{"name":"(anonymous_3)","decl":{"start":{"line":36,"column":14},"end":{"line":36,"column":15}},"loc":{"start":{"line":36,"column":26},"end":{"line":42,"column":1}},"line":36}},"branchMap":{"0":{"loc":{"start":{"line":23,"column":4},"end":{"line":25,"column":5}},"type":"if","locations":[{"start":{"line":23,"column":4},"end":{"line":25,"column":5}},{"start":{},"end":{}}],"line":23}},"s":{"0":1,"1":1,"2":1,"3":1,"4":1,"5":1,"6":1,"7":1,"8":1,"9":0,"10":1,"11":1,"12":1,"13":1,"14":16,"15":16,"16":64,"17":1},"f":{"0":1,"1":1,"2":1,"3":16},"b":{"0":[0,1]},"_coverageSchema":"1a1c01bbd47fc00a2c39e90264f33305004495a9","hash":"95969766179722460c8e0f8014a5e1e18cef19b7"}
,"/home/dell/AcadIn/Backend/models/Conversation.js": {"path":"/home/dell/AcadIn/Backend/models/Conversation.js","statementMap":{"0":{"start":{"line":1,"column":17},"end":{"line":1,"column":36}},"1":{"start":{"line":3,"column":27},"end":{"line":10,"column":1}},"2":{"start":{"line":12,"column":0},"end":{"line":12,"column":68}}},"fnMap":{},"branchMap":{},"s":{"0":1,"1":1,"2":1},"f":{},"b":{},"_coverageSchema":"1a1c01bbd47fc00a2c39e90264f33305004495a9","hash":"38e592288c51e208012d3faf4aea526c975d06dc"}
,"/home/dell/AcadIn/Backend/models/Message.js": {"path":"/home/dell/AcadIn/Backend/models/Message.js","statementMap":{"0":{"start":{"line":1,"column":17},"end":{"line":1,"column":36}},"1":{"start":{"line":3,"column":22},"end":{"line":16,"column":1}},"2":{"start":{"line":18,"column":0},"end":{"line":18,"column":58}}},"fnMap":{},"branchMap":{},"s":{"0":1,"1":1,"2":1},"f":{},"b":{},"_coverageSchema":"1a1c01bbd47fc00a2c39e90264f33305004495a9","hash":"6b21cccdd2d4f1705b667fd0532c7053a802ed5c"}
,"/home/dell/AcadIn/Backend/models/Post.js": {"path":"/home/dell/AcadIn/Backend/models/Post.js","statementMap":{"0":{"start":{"line":1,"column":17},"end":{"line":1,"column":36}},"1":{"start":{"line":3,"column":19},"end":{"line":26,"column":1}},"2":{"start":{"line":28,"column":0},"end":{"line":28,"column":52}}},"fnMap":{},"branchMap":{},"s":{"0":1,"1":1,"2":1},"f":{},"b":{},"_coverageSchema":"1a1c01bbd47fc00a2c39e90264f33305004495a9","hash":"dd55552e7172a763a102143b4ecac79a9b3ab669"}
,"/home/dell/AcadIn/Backend/models/User.js": {"path":"/home/dell/AcadIn/Backend/models/User.js","statementMap":{"0":{"start":{"line":1,"column":17},"end":{"line":1,"column":36}},"1":{"start":{"line":3,"column":19},"end":{"line":48,"column":1}},"2":{"start":{"line":50,"column":0},"end":{"line":50,"column":52}}},"fnMap":{},"branchMap":{},"s":{"0":1,"1":1,"2":1},"f":{},"b":{},"_coverageSchema":"1a1c01bbd47fc00a2c39e90264f33305004495a9","hash":"272d9b6e47d57891c0012db1fccf2c387b126bd1"}
,"/home/dell/AcadIn/Backend/routes/Auth.js": {"path":"/home/dell/AcadIn/Backend/routes/Auth.js","statementMap":{"0":{"start":{"line":1,"column":15},"end":{"line":1,"column":42}},"1":{"start":{"line":2,"column":13},"end":{"line":2,"column":38}},"2":{"start":{"line":3,"column":15},"end":{"line":3,"column":32}},"3":{"start":{"line":6,"column":0},"end":{"line":29,"column":3}},"4":{"start":{"line":7,"column":4},"end":{"line":28,"column":5}},"5":{"start":{"line":9,"column":21},"end":{"line":9,"column":45}},"6":{"start":{"line":10,"column":31},"end":{"line":10,"column":73}},"7":{"start":{"line":13,"column":24},"end":{"line":17,"column":10}},"8":{"start":{"line":20,"column":21},"end":{"line":20,"column":41}},"9":{"start":{"line":21,"column":8},"end":{"line":21,"column":35}},"10":{"start":{"line":23,"column":8},"end":{"line":27,"column":9}},"11":{"start":{"line":24,"column":12},"end":{"line":24,"column":56}},"12":{"start":{"line":26,"column":8},"end":{"line":26,"column":33}},"13":{"start":{"line":32,"column":0},"end":{"line":50,"column":3}},"14":{"start":{"line":33,"column":4},"end":{"line":49,"column":5}},"15":{"start":{"line":34,"column":21},"end":{"line":34,"column":66}},"16":{"start":{"line":35,"column":8},"end":{"line":38,"column":9}},"17":{"start":{"line":36,"column":12},"end":{"line":36,"column":51}},"18":{"start":{"line":37,"column":12},"end":{"line":37,"column":19}},"19":{"start":{"line":40,"column":30},"end":{"line":40,"column":84}},"20":{"start":{"line":41,"column":8},"end":{"line":44,"column":9}},"21":{"start":{"line":42,"column":12},"end":{"line":42,"column":51}},"22":{"start":{"line":43,"column":12},"end":{"line":43,"column":19}},"23":{"start":{"line":46,"column":8},"end":{"line":46,"column":34}},"24":{"start":{"line":48,"column":8},"end":{"line":48,"column":33}},"25":{"start":{"line":52,"column":0},"end":{"line":52,"column":24}}},"fnMap":{"0":{"name":"(anonymous_0)","decl":{"start":{"line":6,"column":25},"end":{"line":6,"column":26}},"loc":{"start":{"line":6,"column":44},"end":{"line":29,"column":1}},"line":6},"1":{"name":"(anonymous_1)","decl":{"start":{"line":32,"column":22},"end":{"line":32,"column":23}},"loc":{"start":{"line":32,"column":41},"end":{"line":50,"column":1}},"line":32}},"branchMap":{"0":{"loc":{"start":{"line":23,"column":8},"end":{"line":27,"column":9}},"type":"if","locations":[{"start":{"line":23,"column":8},"end":{"line":27,"column":9}},{"start":{"line":25,"column":15},"end":{"line":27,"column":9}}],"line":23},"1":{"loc":{"start":{"line":35,"column":8},"end":{"line":38,"column":9}},"type":"if","locations":[{"start":{"line":35,"column":8},"end":{"line":38,"column":9}},{"start":{},"end":{}}],"line":35},"2":{"loc":{"start":{"line":41,"column":8},"end":{"line":44,"column":9}},"type":"if","locations":[{"start":{"line":41,"column":8},"end":{"line":44,"column":9}},{"start":{},"end":{}}],"line":41}},"s":{"0":1,"1":1,"2":1,"3":1,"4":0,"5":0,"6":0,"7":0,"8":0,"9":0,"10":0,"11":0,"12":0,"13":1,"14":0,"15":0,"16":0,"17":0,"18":0,"19":0,"20":0,"21":0,"22":0,"23":0,"24":0,"25":1},"f":{"0":0,"1":0},"b":{"0":[0,0],"1":[0,0],"2":[0,0]},"_coverageSchema":"1a1c01bbd47fc00a2c39e90264f33305004495a9","hash":"44050d4ac0947616d628f09d8a8ff6f140acb71d"}
,"/home/dell/AcadIn/Backend/routes/Conversation.js": {"path":"/home/dell/AcadIn/Backend/routes/Conversation.js","statementMap":{"0":{"start":{"line":1,"column":15},"end":{"line":1,"column":42}},"1":{"start":{"line":2,"column":21},"end":{"line":2,"column":54}},"2":{"start":{"line":6,"column":0},"end":{"line":17,"column":3}},"3":{"start":{"line":7,"column":26},"end":{"line":9,"column":4}},"4":{"start":{"line":11,"column":2},"end":{"line":16,"column":3}},"5":{"start":{"line":12,"column":30},"end":{"line":12,"column":58}},"6":{"start":{"line":13,"column":4},"end":{"line":13,"column":44}},"7":{"start":{"line":15,"column":4},"end":{"line":15,"column":30}},"8":{"start":{"line":21,"column":0},"end":{"line":30,"column":3}},"9":{"start":{"line":22,"column":2},"end":{"line":29,"column":3}},"10":{"start":{"line":23,"column":25},"end":{"line":25,"column":6}},"11":{"start":{"line":26,"column":4},"end":{"line":26,"column":39}},"12":{"start":{"line":28,"column":4},"end":{"line":28,"column":30}},"13":{"start":{"line":34,"column":0},"end":{"line":43,"column":3}},"14":{"start":{"line":35,"column":2},"end":{"line":42,"column":3}},"15":{"start":{"line":36,"column":25},"end":{"line":38,"column":6}},"16":{"start":{"line":39,"column":4},"end":{"line":39,"column":38}},"17":{"start":{"line":41,"column":4},"end":{"line":41,"column":30}},"18":{"start":{"line":45,"column":0},"end":{"line":45,"column":24}}},"fnMap":{"0":{"name":"(anonymous_0)","decl":{"start":{"line":6,"column":17},"end":{"line":6,"column":18}},"loc":{"start":{"line":6,"column":37},"end":{"line":17,"column":1}},"line":6},"1":{"name":"(anonymous_1)","decl":{"start":{"line":21,"column":23},"end":{"line":21,"column":24}},"loc":{"start":{"line":21,"column":43},"end":{"line":30,"column":1}},"line":21},"2":{"name":"(anonymous_2)","decl":{"start":{"line":34,"column":47},"end":{"line":34,"column":48}},"loc":{"start":{"line":34,"column":67},"end":{"line":43,"column":1}},"line":34}},"branchMap":{},"s":{"0":1,"1":1,"2":1,"3":0,"4":0,"5":0,"6":0,"7":0,"8":1,"9":0,"10":0,"11":0,"12":0,"13":1,"14":0,"15":0,"16":0,"17":0,"18":1},"f":{"0":0,"1":0,"2":0},"b":{},"_coverageSchema":"1a1c01bbd47fc00a2c39e90264f33305004495a9","hash":"edafb39f460401cd37cbe9e693382eaa53edbe26"}
,"/home/dell/AcadIn/Backend/routes/Messenger.js": {"path":"/home/dell/AcadIn/Backend/routes/Messenger.js","statementMap":{"0":{"start":{"line":1,"column":15},"end":{"line":1,"column":42}},"1":{"start":{"line":2,"column":16},"end":{"line":2,"column":44}},"2":{"start":{"line":6,"column":0},"end":{"line":15,"column":3}},"3":{"start":{"line":7,"column":21},"end":{"line":7,"column":42}},"4":{"start":{"line":9,"column":2},"end":{"line":14,"column":3}},"5":{"start":{"line":10,"column":25},"end":{"line":10,"column":48}},"6":{"start":{"line":11,"column":4},"end":{"line":11,"column":39}},"7":{"start":{"line":13,"column":4},"end":{"line":13,"column":30}},"8":{"start":{"line":19,"column":0},"end":{"line":28,"column":3}},"9":{"start":{"line":20,"column":2},"end":{"line":27,"column":3}},"10":{"start":{"line":21,"column":21},"end":{"line":23,"column":6}},"11":{"start":{"line":24,"column":4},"end":{"line":24,"column":35}},"12":{"start":{"line":26,"column":4},"end":{"line":26,"column":30}},"13":{"start":{"line":30,"column":0},"end":{"line":30,"column":24}}},"fnMap":{"0":{"name":"(anonymous_0)","decl":{"start":{"line":6,"column":17},"end":{"line":6,"column":18}},"loc":{"start":{"line":6,"column":37},"end":{"line":15,"column":1}},"line":6},"1":{"name":"(anonymous_1)","decl":{"start":{"line":19,"column":31},"end":{"line":19,"column":32}},"loc":{"start":{"line":19,"column":51},"end":{"line":28,"column":1}},"line":19}},"branchMap":{},"s":{"0":1,"1":1,"2":1,"3":0,"4":0,"5":0,"6":0,"7":0,"8":1,"9":0,"10":0,"11":0,"12":0,"13":1},"f":{"0":0,"1":0},"b":{},"_coverageSchema":"1a1c01bbd47fc00a2c39e90264f33305004495a9","hash":"6365c3b300ff965aa6c8e8d820791fb46926f749"}
,"/home/dell/AcadIn/Backend/routes/Posts.js": {"path":"/home/dell/AcadIn/Backend/routes/Posts.js","statementMap":{"0":{"start":{"line":1,"column":15},"end":{"line":1,"column":42}},"1":{"start":{"line":2,"column":13},"end":{"line":2,"column":38}},"2":{"start":{"line":3,"column":13},"end":{"line":3,"column":38}},"3":{"start":{"line":7,"column":0},"end":{"line":15,"column":3}},"4":{"start":{"line":8,"column":18},"end":{"line":8,"column":36}},"5":{"start":{"line":9,"column":2},"end":{"line":14,"column":3}},"6":{"start":{"line":10,"column":22},"end":{"line":10,"column":42}},"7":{"start":{"line":11,"column":4},"end":{"line":11,"column":36}},"8":{"start":{"line":13,"column":4},"end":{"line":13,"column":30}},"9":{"start":{"line":18,"column":0},"end":{"line":31,"column":2}},"10":{"start":{"line":19,"column":2},"end":{"line":30,"column":3}},"11":{"start":{"line":20,"column":19},"end":{"line":20,"column":34}},"12":{"start":{"line":21,"column":21},"end":{"line":21,"column":38}},"13":{"start":{"line":22,"column":20},"end":{"line":22,"column":36}},"14":{"start":{"line":24,"column":17},"end":{"line":24,"column":44}},"15":{"start":{"line":26,"column":4},"end":{"line":26,"column":71}},"16":{"start":{"line":27,"column":4},"end":{"line":27,"column":24}},"17":{"start":{"line":29,"column":4},"end":{"line":29,"column":30}},"18":{"start":{"line":34,"column":0},"end":{"line":46,"column":3}},"19":{"start":{"line":35,"column":2},"end":{"line":45,"column":3}},"20":{"start":{"line":36,"column":17},"end":{"line":36,"column":51}},"21":{"start":{"line":37,"column":4},"end":{"line":42,"column":5}},"22":{"start":{"line":38,"column":6},"end":{"line":38,"column":47}},"23":{"start":{"line":39,"column":6},"end":{"line":39,"column":56}},"24":{"start":{"line":41,"column":6},"end":{"line":41,"column":60}},"25":{"start":{"line":44,"column":4},"end":{"line":44,"column":30}},"26":{"start":{"line":50,"column":0},"end":{"line":63,"column":3}},"27":{"start":{"line":51,"column":2},"end":{"line":62,"column":3}},"28":{"start":{"line":52,"column":17},"end":{"line":52,"column":51}},"29":{"start":{"line":53,"column":4},"end":{"line":59,"column":5}},"30":{"start":{"line":54,"column":6},"end":{"line":54,"column":66}},"31":{"start":{"line":55,"column":6},"end":{"line":55,"column":54}},"32":{"start":{"line":57,"column":6},"end":{"line":57,"column":66}},"33":{"start":{"line":58,"column":6},"end":{"line":58,"column":57}},"34":{"start":{"line":61,"column":4},"end":{"line":61,"column":30}},"35":{"start":{"line":66,"column":0},"end":{"line":73,"column":2}},"36":{"start":{"line":67,"column":2},"end":{"line":72,"column":3}},"37":{"start":{"line":68,"column":17},"end":{"line":68,"column":55}},"38":{"start":{"line":69,"column":4},"end":{"line":69,"column":28}},"39":{"start":{"line":71,"column":4},"end":{"line":71,"column":32}},"40":{"start":{"line":76,"column":0},"end":{"line":83,"column":3}},"41":{"start":{"line":77,"column":2},"end":{"line":82,"column":3}},"42":{"start":{"line":78,"column":17},"end":{"line":78,"column":51}},"43":{"start":{"line":79,"column":4},"end":{"line":79,"column":31}},"44":{"start":{"line":81,"column":4},"end":{"line":81,"column":30}},"45":{"start":{"line":87,"column":0},"end":{"line":100,"column":3}},"46":{"start":{"line":88,"column":2},"end":{"line":99,"column":3}},"47":{"start":{"line":89,"column":24},"end":{"line":89,"column":62}},"48":{"start":{"line":90,"column":22},"end":{"line":90,"column":66}},"49":{"start":{"line":91,"column":24},"end":{"line":95,"column":5}},"50":{"start":{"line":93,"column":8},"end":{"line":93,"column":47}},"51":{"start":{"line":96,"column":4},"end":{"line":96,"column":59}},"52":{"start":{"line":98,"column":4},"end":{"line":98,"column":30}},"53":{"start":{"line":104,"column":0},"end":{"line":112,"column":3}},"54":{"start":{"line":105,"column":2},"end":{"line":111,"column":3}},"55":{"start":{"line":106,"column":17},"end":{"line":106,"column":70}},"56":{"start":{"line":107,"column":18},"end":{"line":107,"column":55}},"57":{"start":{"line":108,"column":4},"end":{"line":108,"column":32}},"58":{"start":{"line":110,"column":4},"end":{"line":110,"column":30}},"59":{"start":{"line":114,"column":0},"end":{"line":114,"column":24}}},"fnMap":{"0":{"name":"(anonymous_0)","decl":{"start":{"line":7,"column":17},"end":{"line":7,"column":18}},"loc":{"start":{"line":7,"column":37},"end":{"line":15,"column":1}},"line":7},"1":{"name":"(anonymous_1)","decl":{"start":{"line":18,"column":23},"end":{"line":18,"column":24}},"loc":{"start":{"line":18,"column":43},"end":{"line":31,"column":1}},"line":18},"2":{"name":"(anonymous_2)","decl":{"start":{"line":34,"column":19},"end":{"line":34,"column":20}},"loc":{"start":{"line":34,"column":39},"end":{"line":46,"column":1}},"line":34},"3":{"name":"(anonymous_3)","decl":{"start":{"line":50,"column":24},"end":{"line":50,"column":25}},"loc":{"start":{"line":50,"column":44},"end":{"line":63,"column":1}},"line":50},"4":{"name":"(anonymous_4)","decl":{"start":{"line":66,"column":31},"end":{"line":66,"column":32}},"loc":{"start":{"line":66,"column":51},"end":{"line":73,"column":1}},"line":66},"5":{"name":"(anonymous_5)","decl":{"start":{"line":76,"column":19},"end":{"line":76,"column":20}},"loc":{"start":{"line":76,"column":39},"end":{"line":83,"column":1}},"line":76},"6":{"name":"(anonymous_6)","decl":{"start":{"line":87,"column":32},"end":{"line":87,"column":33}},"loc":{"start":{"line":87,"column":52},"end":{"line":100,"column":1}},"line":87},"7":{"name":"(anonymous_7)","decl":{"start":{"line":92,"column":33},"end":{"line":92,"column":34}},"loc":{"start":{"line":92,"column":47},"end":{"line":94,"column":7}},"line":92},"8":{"name":"(anonymous_8)","decl":{"start":{"line":104,"column":33},"end":{"line":104,"column":34}},"loc":{"start":{"line":104,"column":53},"end":{"line":112,"column":1}},"line":104}},"branchMap":{"0":{"loc":{"start":{"line":37,"column":4},"end":{"line":42,"column":5}},"type":"if","locations":[{"start":{"line":37,"column":4},"end":{"line":42,"column":5}},{"start":{"line":40,"column":11},"end":{"line":42,"column":5}}],"line":37},"1":{"loc":{"start":{"line":53,"column":4},"end":{"line":59,"column":5}},"type":"if","locations":[{"start":{"line":53,"column":4},"end":{"line":59,"column":5}},{"start":{"line":56,"column":11},"end":{"line":59,"column":5}}],"line":53}},"s":{"0":1,"1":1,"2":1,"3":1,"4":0,"5":0,"6":0,"7":0,"8":0,"9":1,"10":0,"11":0,"12":0,"13":0,"14":0,"15":0,"16":0,"17":0,"18":1,"19":0,"20":0,"21":0,"22":0,"23":0,"24":0,"25":0,"26":1,"27":0,"28":0,"29":0,"30":0,"31":0,"32":0,"33":0,"34":0,"35":1,"36":0,"37":0,"38":0,"39":0,"40":1,"41":0,"42":0,"43":0,"44":0,"45":1,"46":0,"47":0,"48":0,"49":0,"50":0,"51":0,"52":0,"53":1,"54":0,"55":0,"56":0,"57":0,"58":0,"59":1},"f":{"0":0,"1":0,"2":0,"3":0,"4":0,"5":0,"6":0,"7":0,"8":0},"b":{"0":[0,0],"1":[0,0]},"_coverageSchema":"1a1c01bbd47fc00a2c39e90264f33305004495a9","hash":"39b8309379b8ce34dddb4e2cd46da47364230602"}
,"/home/dell/AcadIn/Backend/routes/Users.js": {"path":"/home/dell/AcadIn/Backend/routes/Users.js","statementMap":{"0":{"start":{"line":1,"column":13},"end":{"line":1,"column":38}},"1":{"start":{"line":2,"column":15},"end":{"line":2,"column":42}},"2":{"start":{"line":4,"column":0},"end":{"line":14,"column":3}},"3":{"start":{"line":5,"column":19},"end":{"line":5,"column":37}},"4":{"start":{"line":8,"column":2},"end":{"line":13,"column":3}},"5":{"start":{"line":9,"column":21},"end":{"line":9,"column":82}},"6":{"start":{"line":10,"column":4},"end":{"line":10,"column":30}},"7":{"start":{"line":12,"column":4},"end":{"line":12,"column":39}},"8":{"start":{"line":17,"column":0},"end":{"line":34,"column":3}},"9":{"start":{"line":18,"column":2},"end":{"line":33,"column":3}},"10":{"start":{"line":19,"column":17},"end":{"line":19,"column":55}},"11":{"start":{"line":20,"column":20},"end":{"line":24,"column":5}},"12":{"start":{"line":22,"column":8},"end":{"line":22,"column":39}},"13":{"start":{"line":25,"column":21},"end":{"line":25,"column":23}},"14":{"start":{"line":26,"column":4},"end":{"line":29,"column":7}},"15":{"start":{"line":27,"column":48},"end":{"line":27,"column":54}},"16":{"start":{"line":28,"column":6},"end":{"line":28,"column":57}},"17":{"start":{"line":30,"column":4},"end":{"line":30,"column":36}},"18":{"start":{"line":32,"column":4},"end":{"line":32,"column":30}},"19":{"start":{"line":36,"column":0},"end":{"line":45,"column":2}},"20":{"start":{"line":37,"column":2},"end":{"line":44,"column":3}},"21":{"start":{"line":38,"column":17},"end":{"line":38,"column":53}},"22":{"start":{"line":39,"column":4},"end":{"line":39,"column":50}},"23":{"start":{"line":40,"column":4},"end":{"line":40,"column":22}},"24":{"start":{"line":41,"column":4},"end":{"line":41,"column":19}},"25":{"start":{"line":43,"column":4},"end":{"line":43,"column":32}},"26":{"start":{"line":47,"column":0},"end":{"line":65,"column":3}},"27":{"start":{"line":48,"column":2},"end":{"line":64,"column":3}},"28":{"start":{"line":49,"column":4},"end":{"line":61,"column":5}},"29":{"start":{"line":50,"column":19},"end":{"line":50,"column":53}},"30":{"start":{"line":51,"column":26},"end":{"line":51,"column":62}},"31":{"start":{"line":52,"column":6},"end":{"line":58,"column":7}},"32":{"start":{"line":53,"column":8},"end":{"line":53,"column":72}},"33":{"start":{"line":54,"column":8},"end":{"line":54,"column":78}},"34":{"start":{"line":55,"column":8},"end":{"line":55,"column":55}},"35":{"start":{"line":57,"column":8},"end":{"line":57,"column":61}},"36":{"start":{"line":60,"column":6},"end":{"line":60,"column":32}},"37":{"start":{"line":63,"column":4},"end":{"line":63,"column":53}},"38":{"start":{"line":68,"column":0},"end":{"line":86,"column":3}},"39":{"start":{"line":69,"column":2},"end":{"line":85,"column":3}},"40":{"start":{"line":70,"column":4},"end":{"line":82,"column":5}},"41":{"start":{"line":71,"column":19},"end":{"line":71,"column":53}},"42":{"start":{"line":72,"column":26},"end":{"line":72,"column":62}},"43":{"start":{"line":73,"column":6},"end":{"line":79,"column":7}},"44":{"start":{"line":74,"column":8},"end":{"line":74,"column":72}},"45":{"start":{"line":75,"column":8},"end":{"line":75,"column":78}},"46":{"start":{"line":76,"column":8},"end":{"line":76,"column":57}},"47":{"start":{"line":78,"column":8},"end":{"line":78,"column":58}},"48":{"start":{"line":81,"column":6},"end":{"line":81,"column":32}},"49":{"start":{"line":84,"column":4},"end":{"line":84,"column":55}},"50":{"start":{"line":88,"column":0},"end":{"line":110,"column":3}},"51":{"start":{"line":89,"column":2},"end":{"line":109,"column":3}},"52":{"start":{"line":90,"column":4},"end":{"line":108,"column":5}},"53":{"start":{"line":91,"column":19},"end":{"line":91,"column":55}},"54":{"start":{"line":92,"column":6},"end":{"line":94,"column":7}},"55":{"start":{"line":93,"column":8},"end":{"line":93,"column":42}},"56":{"start":{"line":95,"column":6},"end":{"line":97,"column":7}},"57":{"start":{"line":96,"column":8},"end":{"line":96,"column":44}},"58":{"start":{"line":98,"column":6},"end":{"line":100,"column":7}},"59":{"start":{"line":99,"column":8},"end":{"line":99,"column":46}},"60":{"start":{"line":101,"column":6},"end":{"line":103,"column":7}},"61":{"start":{"line":102,"column":8},"end":{"line":102,"column":32}},"62":{"start":{"line":104,"column":26},"end":{"line":104,"column":43}},"63":{"start":{"line":105,"column":6},"end":{"line":105,"column":40}},"64":{"start":{"line":107,"column":6},"end":{"line":107,"column":34}},"65":{"start":{"line":112,"column":0},"end":{"line":124,"column":3}},"66":{"start":{"line":113,"column":17},"end":{"line":113,"column":34}},"67":{"start":{"line":114,"column":19},"end":{"line":114,"column":37}},"68":{"start":{"line":115,"column":2},"end":{"line":123,"column":3}},"69":{"start":{"line":116,"column":17},"end":{"line":118,"column":50}},"70":{"start":{"line":119,"column":46},"end":{"line":119,"column":55}},"71":{"start":{"line":120,"column":4},"end":{"line":120,"column":32}},"72":{"start":{"line":122,"column":4},"end":{"line":122,"column":30}},"73":{"start":{"line":126,"column":0},"end":{"line":126,"column":24}}},"fnMap":{"0":{"name":"(anonymous_0)","decl":{"start":{"line":4,"column":22},"end":{"line":4,"column":23}},"loc":{"start":{"line":4,"column":41},"end":{"line":14,"column":1}},"line":4},"1":{"name":"(anonymous_1)","decl":{"start":{"line":17,"column":31},"end":{"line":17,"column":32}},"loc":{"start":{"line":17,"column":51},"end":{"line":34,"column":1}},"line":17},"2":{"name":"(anonymous_2)","decl":{"start":{"line":21,"column":26},"end":{"line":21,"column":27}},"loc":{"start":{"line":21,"column":40},"end":{"line":23,"column":7}},"line":21},"3":{"name":"(anonymous_3)","decl":{"start":{"line":26,"column":16},"end":{"line":26,"column":17}},"loc":{"start":{"line":26,"column":28},"end":{"line":29,"column":5}},"line":26},"4":{"name":"(anonymous_4)","decl":{"start":{"line":36,"column":25},"end":{"line":36,"column":26}},"loc":{"start":{"line":36,"column":45},"end":{"line":45,"column":1}},"line":36},"5":{"name":"(anonymous_5)","decl":{"start":{"line":47,"column":26},"end":{"line":47,"column":27}},"loc":{"start":{"line":47,"column":46},"end":{"line":65,"column":1}},"line":47},"6":{"name":"(anonymous_6)","decl":{"start":{"line":68,"column":28},"end":{"line":68,"column":29}},"loc":{"start":{"line":68,"column":48},"end":{"line":86,"column":1}},"line":68},"7":{"name":"(anonymous_7)","decl":{"start":{"line":88,"column":29},"end":{"line":88,"column":30}},"loc":{"start":{"line":88,"column":48},"end":{"line":110,"column":1}},"line":88},"8":{"name":"(anonymous_8)","decl":{"start":{"line":112,"column":23},"end":{"line":112,"column":24}},"loc":{"start":{"line":112,"column":43},"end":{"line":124,"column":1}},"line":112}},"branchMap":{"0":{"loc":{"start":{"line":48,"column":2},"end":{"line":64,"column":3}},"type":"if","locations":[{"start":{"line":48,"column":2},"end":{"line":64,"column":3}},{"start":{"line":62,"column":9},"end":{"line":64,"column":3}}],"line":48},"1":{"loc":{"start":{"line":52,"column":6},"end":{"line":58,"column":7}},"type":"if","locations":[{"start":{"line":52,"column":6},"end":{"line":58,"column":7}},{"start":{"line":56,"column":13},"end":{"line":58,"column":7}}],"line":52},"2":{"loc":{"start":{"line":69,"column":2},"end":{"line":85,"column":3}},"type":"if","locations":[{"start":{"line":69,"column":2},"end":{"line":85,"column":3}},{"start":{"line":83,"column":9},"end":{"line":85,"column":3}}],"line":69},"3":{"loc":{"start":{"line":73,"column":6},"end":{"line":79,"column":7}},"type":"if","locations":[{"start":{"line":73,"column":6},"end":{"line":79,"column":7}},{"start":{"line":77,"column":13},"end":{"line":79,"column":7}}],"line":73},"4":{"loc":{"start":{"line":89,"column":2},"end":{"line":109,"column":3}},"type":"if","locations":[{"start":{"line":89,"column":2},"end":{"line":109,"column":3}},{"start":{},"end":{}}],"line":89},"5":{"loc":{"start":{"line":92,"column":6},"end":{"line":94,"column":7}},"type":"if","locations":[{"start":{"line":92,"column":6},"end":{"line":94,"column":7}},{"start":{},"end":{}}],"line":92},"6":{"loc":{"start":{"line":95,"column":6},"end":{"line":97,"column":7}},"type":"if","locations":[{"start":{"line":95,"column":6},"end":{"line":97,"column":7}},{"start":{},"end":{}}],"line":95},"7":{"loc":{"start":{"line":98,"column":6},"end":{"line":100,"column":7}},"type":"if","locations":[{"start":{"line":98,"column":6},"end":{"line":100,"column":7}},{"start":{},"end":{}}],"line":98},"8":{"loc":{"start":{"line":101,"column":6},"end":{"line":103,"column":7}},"type":"if","locations":[{"start":{"line":101,"column":6},"end":{"line":103,"column":7}},{"start":{},"end":{}}],"line":101},"9":{"loc":{"start":{"line":116,"column":17},"end":{"line":118,"column":50}},"type":"cond-expr","locations":[{"start":{"line":117,"column":8},"end":{"line":117,"column":35}},{"start":{"line":118,"column":8},"end":{"line":118,"column":50}}],"line":116}},"s":{"0":1,"1":1,"2":1,"3":0,"4":0,"5":0,"6":0,"7":0,"8":1,"9":0,"10":0,"11":0,"12":0,"13":0,"14":0,"15":0,"16":0,"17":0,"18":0,"19":1,"20":0,"21":0,"22":0,"23":0,"24":0,"25":0,"26":1,"27":0,"28":0,"29":0,"30":0,"31":0,"32":0,"33":0,"34":0,"35":0,"36":0,"37":0,"38":1,"39":0,"40":0,"41":0,"42":0,"43":0,"44":0,"45":0,"46":0,"47":0,"48":0,"49":0,"50":1,"51":0,"52":0,"53":0,"54":0,"55":0,"56":0,"57":0,"58":0,"59":0,"60":0,"61":0,"62":0,"63":0,"64":0,"65":1,"66":0,"67":0,"68":0,"69":0,"70":0,"71":0,"72":0,"73":1},"f":{"0":0,"1":0,"2":0,"3":0,"4":0,"5":0,"6":0,"7":0,"8":0},"b":{"0":[0,0],"1":[0,0],"2":[0,0],"3":[0,0],"4":[0,0],"5":[0,0],"6":[0,0],"7":[0,0],"8":[0,0],"9":[0,0]},"_coverageSchema":"1a1c01bbd47fc00a2c39e90264f33305004495a9","hash":"5bd2b35dec814282531f3f0f94db06e24c827d95"}
}
